mode: set
task-platform/internal/task/data/model.go:21.35,23.2 1 1
task-platform/internal/task/data/model.go:34.41,36.2 1 1
task-platform/internal/task/data/model.go:47.43,50.2 2 0
task-platform/internal/task/data/model.go:68.32,70.2 1 1
task-platform/internal/task/data/model.go:84.42,87.2 2 0
task-platform/internal/task/data/repository.go:53.58,55.2 1 1
task-platform/internal/task/data/repository.go:57.56,59.2 1 1
task-platform/internal/task/data/repository.go:61.52,63.2 1 1
task-platform/internal/task/data/repository.go:65.75,67.16 2 1
task-platform/internal/task/data/repository.go:67.16,68.53 1 1
task-platform/internal/task/data/repository.go:68.53,70.4 1 1
task-platform/internal/task/data/repository.go:71.3,71.67 1 0
task-platform/internal/task/data/repository.go:73.2,73.12 1 1
task-platform/internal/task/data/repository.go:76.82,79.44 3 1
task-platform/internal/task/data/repository.go:79.44,81.3 1 1
task-platform/internal/task/data/repository.go:82.2,82.16 1 1
task-platform/internal/task/data/repository.go:82.16,84.3 1 0
task-platform/internal/task/data/repository.go:85.2,85.16 1 1
task-platform/internal/task/data/repository.go:88.119,92.25 2 1
task-platform/internal/task/data/repository.go:92.25,94.3 1 0
task-platform/internal/task/data/repository.go:95.2,95.30 1 1
task-platform/internal/task/data/repository.go:95.30,97.3 1 1
task-platform/internal/task/data/repository.go:98.2,98.28 1 1
task-platform/internal/task/data/repository.go:101.135,107.22 2 1
task-platform/internal/task/data/repository.go:107.22,109.3 1 1
task-platform/internal/task/data/repository.go:111.2,115.16 3 1
task-platform/internal/task/data/repository.go:115.16,117.3 1 0
task-platform/internal/task/data/repository.go:118.2,118.22 1 1
task-platform/internal/task/data/repository.go:121.76,123.16 2 1
task-platform/internal/task/data/repository.go:123.16,124.53 1 1
task-platform/internal/task/data/repository.go:124.53,126.4 1 1
task-platform/internal/task/data/repository.go:127.3,127.63 1 0
task-platform/internal/task/data/repository.go:129.2,129.12 1 1
task-platform/internal/task/data/repository.go:132.82,136.25 2 1
task-platform/internal/task/data/repository.go:136.25,138.3 1 0
task-platform/internal/task/data/repository.go:139.2,139.30 1 1
task-platform/internal/task/data/repository.go:139.30,141.3 1 1
task-platform/internal/task/data/repository.go:142.2,142.12 1 1
task-platform/internal/task/data/repository.go:145.114,148.44 3 1
task-platform/internal/task/data/repository.go:148.44,150.3 1 1
task-platform/internal/task/data/repository.go:151.2,151.16 1 1
task-platform/internal/task/data/repository.go:151.16,153.3 1 0
task-platform/internal/task/data/repository.go:154.2,154.16 1 1
task-platform/internal/task/data/repository.go:157.101,160.16 3 1
task-platform/internal/task/data/repository.go:160.16,162.3 1 0
task-platform/internal/task/data/repository.go:163.2,163.21 1 1
task-platform/internal/task/data/repository.go:166.116,170.25 2 1
task-platform/internal/task/data/repository.go:170.25,172.3 1 0
task-platform/internal/task/data/repository.go:173.2,173.30 1 1
task-platform/internal/task/data/repository.go:173.30,175.3 1 0
task-platform/internal/task/data/repository.go:176.2,176.55 1 1
task-platform/internal/task/data/repository.go:179.104,182.44 3 1
task-platform/internal/task/data/repository.go:182.44,184.3 1 0
task-platform/internal/task/data/repository.go:185.2,185.16 1 1
task-platform/internal/task/data/repository.go:185.16,187.3 1 0
task-platform/internal/task/data/repository.go:188.2,188.16 1 1
task-platform/internal/task/data/repository.go:193.66,195.16 2 1
task-platform/internal/task/data/repository.go:195.16,197.3 1 0
task-platform/internal/task/data/repository.go:198.2,198.12 1 1
task-platform/internal/task/data/repository.go:201.76,204.44 3 1
task-platform/internal/task/data/repository.go:204.44,206.3 1 1
task-platform/internal/task/data/repository.go:207.2,207.16 1 1
task-platform/internal/task/data/repository.go:207.16,209.3 1 0
task-platform/internal/task/data/repository.go:210.2,210.16 1 1
task-platform/internal/task/data/repository.go:213.113,217.25 2 1
task-platform/internal/task/data/repository.go:217.25,219.3 1 0
task-platform/internal/task/data/repository.go:220.2,220.30 1 1
task-platform/internal/task/data/repository.go:220.30,222.3 1 1
task-platform/internal/task/data/repository.go:223.2,223.28 1 1
task-platform/internal/task/data/repository.go:226.74,228.16 2 1
task-platform/internal/task/data/repository.go:228.16,230.3 1 0
task-platform/internal/task/data/repository.go:231.2,232.25 2 1
task-platform/internal/task/data/repository.go:232.25,234.3 1 0
task-platform/internal/task/data/repository.go:235.2,235.30 1 1
task-platform/internal/task/data/repository.go:235.30,237.3 1 0
task-platform/internal/task/data/repository.go:238.2,238.18 1 1
task-platform/internal/task/data/repository.go:241.90,245.26 2 1
task-platform/internal/task/data/repository.go:245.26,247.3 1 1
task-platform/internal/task/data/repository.go:248.2,248.29 1 1
task-platform/internal/task/data/repository.go:248.29,250.3 1 1
task-platform/internal/task/data/repository.go:251.2,251.26 1 1
task-platform/internal/task/data/repository.go:251.26,253.3 1 0
task-platform/internal/task/data/repository.go:255.2,255.25 1 1
task-platform/internal/task/data/repository.go:255.25,257.17 2 1
task-platform/internal/task/data/repository.go:257.17,259.4 1 1
task-platform/internal/task/data/repository.go:260.3,261.10 2 1
task-platform/internal/task/data/repository.go:261.10,263.4 1 0
task-platform/internal/task/data/repository.go:264.3,265.10 2 1
task-platform/internal/task/data/repository.go:265.10,267.4 1 0
task-platform/internal/task/data/repository.go:268.3,269.17 2 1
task-platform/internal/task/data/repository.go:269.17,271.4 1 0
task-platform/internal/task/data/repository.go:272.3,272.66 1 1
task-platform/internal/task/data/repository.go:275.2,275.44 1 1
task-platform/internal/task/data/repository.go:275.44,277.3 1 0
task-platform/internal/task/data/repository.go:278.2,281.49 3 1
task-platform/internal/task/data/repository.go:281.49,283.3 1 0
task-platform/internal/task/data/repository.go:285.2,286.31 2 1
task-platform/internal/task/data/repository.go:286.31,293.3 3 1
task-platform/internal/task/data/repository.go:295.2,295.31 1 1
